<?xml version="1.0" encoding="UTF-8"?>
<testng-results skipped="0" failed="0" total="1" passed="1">
  <reporter-output>
    <line>
      <![CDATA[Test is successful--Manjunath]]>
    </line>
  </reporter-output>
  <suite name="Default suite" duration-ms="8508" started-at="2020-02-14T08:48:10Z" finished-at="2020-02-14T08:48:18Z">
    <groups>
    </groups>
    <test name="Default test" duration-ms="8508" started-at="2020-02-14T08:48:10Z" finished-at="2020-02-14T08:48:18Z">
      <class name="startbootstrap.project.AppTest">
        <test-method status="PASS" signature="openBrowser()[pri:0, instance:startbootstrap.project.AppTest@8bd1b6a]" name="openBrowser" is-config="true" duration-ms="8481" started-at="2020-02-14T14:18:10Z" finished-at="2020-02-14T14:18:18Z">
          <reporter-output>
          </reporter-output>
        </test-method> <!-- openBrowser -->
        <test-method status="PASS" signature="test()[pri:0, instance:startbootstrap.project.AppTest@8bd1b6a]" name="test" duration-ms="8" started-at="2020-02-14T14:18:18Z" finished-at="2020-02-14T14:18:18Z">
          <reporter-output>
            <line>
              <![CDATA[Test is successful--Manjunath]]>
            </line>
          </reporter-output>
        </test-method> <!-- test -->
      </class> <!-- startbootstrap.project.AppTest -->
    </test> <!-- Default test -->
  </suite> <!-- Default suite -->
</testng-results>
